<?xml version="1.0" encoding="UTF-8"?>
<testng-results skipped="0" failed="0" total="1" passed="1">
  <reporter-output>
  </reporter-output>
  <suite name="MAVEN - CUCUMBER - TESTNG" duration-ms="59712" started-at="2019-01-24T13:47:08Z" finished-at="2019-01-24T13:48:07Z">
    <groups>
      <group name="TAG">
        <method signature="TestRunner.feature(cucumber.api.testng.CucumberFeatureWrapper)[pri:0, instance:runner.TestRunner@12843fce]" name="feature" class="runner.TestRunner"/>
      </group> <!-- TAG -->
    </groups>
    <test name="Cucumber Execution Result" duration-ms="59712" started-at="2019-01-24T13:47:08Z" finished-at="2019-01-24T13:48:07Z">
      <class name="runner.TestRunner">
        <test-method status="PASS" signature="setUpClass()[pri:0, instance:runner.TestRunner@12843fce]" name="setUpClass" is-config="true" duration-ms="315" started-at="2019-01-24T19:17:08Z" finished-at="2019-01-24T19:17:08Z">
          <reporter-output>
          </reporter-output>
        </test-method> <!-- setUpClass -->
        <test-method status="PASS" signature="feature(cucumber.api.testng.CucumberFeatureWrapper)[pri:0, instance:runner.TestRunner@12843fce]" name="feature" duration-ms="59231" started-at="2019-01-24T19:17:08Z" description="Runs Cucumber Feature" data-provider="features" finished-at="2019-01-24T19:18:07Z">
          <params>
            <param index="0">
              <value>
                <![CDATA[Feature to test Bank's functionality]]>
              </value>
            </param>
          </params>
          <reporter-output>
          </reporter-output>
        </test-method> <!-- feature -->
        <test-method status="PASS" signature="tearDownClass()[pri:0, instance:runner.TestRunner@12843fce]" name="tearDownClass" is-config="true" duration-ms="30" started-at="2019-01-24T19:18:07Z" finished-at="2019-01-24T19:18:07Z">
          <reporter-output>
          </reporter-output>
        </test-method> <!-- tearDownClass -->
      </class> <!-- runner.TestRunner -->
    </test> <!-- Cucumber Execution Result -->
  </suite> <!-- MAVEN - CUCUMBER - TESTNG -->
</testng-results>
