<?xml version="1.0" encoding="UTF-8"?>
<testsuite name="TestSuite" time="25.895" tests="1" errors="0" skipped="0" failures="1">
  <properties>
[...]
</properties>
  <testcase name="feature" classname="runner.TestRunner" time="25.895">
    <failure message="org.openqa.selenium.WebDriverException: unknown error: cannot determine loading status&#10;from unknown error: cannot determine loading status&#10;from disconnected: unable to send message to renderer&#10;  (Session info: chrome=71.0.3578.98)&#10;  (Driver info: chromedriver=2.38.552522 (437e6fbedfa8762dec75e2c5b3ddb86763dc9dcb),platform=Windows NT 6.1.7601 SP1 x86_64) (WARNING: The server did not provide any stacktrace information)&#10;Command duration or timeout: 3.09 seconds&#10;Build info: version: &apos;2.46.0&apos;, revision: &apos;61506a4624b13675f24581e453592342b7485d71&apos;, time: &apos;2015-06-04 10:22:50&apos;&#10;System info: host: &apos;IN-MU-LT-J27150&apos;, ip: &apos;10.236.21.21&apos;, os.name: &apos;Windows 7&apos;, os.arch: &apos;amd64&apos;, os.version: &apos;6.1&apos;, java.version: &apos;1.8.0_181&apos;&#10;Driver info: org.openqa.selenium.chrome.ChromeDriver&#10;Capabilities [{applicationCacheEnabled=false, rotatable=false, mobileEmulationEnabled=false, networkConnectionEnabled=false, chrome={chromedriverVersion=2.38.552522 (437e6fbedfa8762dec75e2c5b3ddb86763dc9dcb), userDataDir=C:\Users\survep\AppData\Local\Temp\scoped_dir5552_28764}, takesHeapSnapshot=true, pageLoadStrategy=normal, databaseEnabled=false, handlesAlerts=true, hasTouchScreen=false, version=71.0.3578.98, platform=XP, browserConnectionEnabled=false, nativeEvents=true, acceptSslCerts=false, acceptInsecureCerts=false, locationContextEnabled=true, webStorageEnabled=true, browserName=chrome, takesScreenshot=true, javascriptEnabled=true, cssSelectorsEnabled=true, setWindowRect=true, unexpectedAlertBehaviour=}]&#10;Session ID: 92a4ed6bdfadcba5d7e43436879b1f7c" type="cucumber.runtime.CucumberException">cucumber.runtime.CucumberException: org.openqa.selenium.WebDriverException: unknown error: cannot determine loading status
from unknown error: cannot determine loading status
from disconnected: unable to send message to renderer
  (Session info: chrome=71.0.3578.98)
  (Driver info: chromedriver=2.38.552522 (437e6fbedfa8762dec75e2c5b3ddb86763dc9dcb),platform=Windows NT 6.1.7601 SP1 x86_64) (WARNING: The server did not provide any stacktrace information)
Command duration or timeout: 3.09 seconds
Build info: version: '2.46.0', revision: '61506a4624b13675f24581e453592342b7485d71', time: '2015-06-04 10:22:50'
System info: host: 'IN-MU-LT-J27150', ip: '10.236.21.21', os.name: 'Windows 7', os.arch: 'amd64', os.version: '6.1', java.version: '1.8.0_181'
Driver info: org.openqa.selenium.chrome.ChromeDriver
Capabilities [{applicationCacheEnabled=false, rotatable=false, mobileEmulationEnabled=false, networkConnectionEnabled=false, chrome={chromedriverVersion=2.38.552522 (437e6fbedfa8762dec75e2c5b3ddb86763dc9dcb), userDataDir=C:\Users\survep\AppData\Local\Temp\scoped_dir5552_28764}, takesHeapSnapshot=true, pageLoadStrategy=normal, databaseEnabled=false, handlesAlerts=true, hasTouchScreen=false, version=71.0.3578.98, platform=XP, browserConnectionEnabled=false, nativeEvents=true, acceptSslCerts=false, acceptInsecureCerts=false, locationContextEnabled=true, webStorageEnabled=true, browserName=chrome, takesScreenshot=true, javascriptEnabled=true, cssSelectorsEnabled=true, setWindowRect=true, unexpectedAlertBehaviour=}]
Session ID: 92a4ed6bdfadcba5d7e43436879b1f7c
	at cucumber.api.testng.TestNGCucumberRunner.runCucumber(TestNGCucumberRunner.java:69)
	at runner.TestRunner.feature(TestRunner.java:29)
Caused by: org.openqa.selenium.WebDriverException: unknown error: cannot determine loading status
from unknown error: cannot determine loading status
from disconnected: unable to send message to renderer
  (Session info: chrome=71.0.3578.98)
  (Driver info: chromedriver=2.38.552522 (437e6fbedfa8762dec75e2c5b3ddb86763dc9dcb),platform=Windows NT 6.1.7601 SP1 x86_64) (WARNING: The server did not provide any stacktrace information)
Command duration or timeout: 3.09 seconds
Build info: version: '2.46.0', revision: '61506a4624b13675f24581e453592342b7485d71', time: '2015-06-04 10:22:50'
System info: host: 'IN-MU-LT-J27150', ip: '10.236.21.21', os.name: 'Windows 7', os.arch: 'amd64', os.version: '6.1', java.version: '1.8.0_181'
Driver info: org.openqa.selenium.chrome.ChromeDriver
Capabilities [{applicationCacheEnabled=false, rotatable=false, mobileEmulationEnabled=false, networkConnectionEnabled=false, chrome={chromedriverVersion=2.38.552522 (437e6fbedfa8762dec75e2c5b3ddb86763dc9dcb), userDataDir=C:\Users\survep\AppData\Local\Temp\scoped_dir5552_28764}, takesHeapSnapshot=true, pageLoadStrategy=normal, databaseEnabled=false, handlesAlerts=true, hasTouchScreen=false, version=71.0.3578.98, platform=XP, browserConnectionEnabled=false, nativeEvents=true, acceptSslCerts=false, acceptInsecureCerts=false, locationContextEnabled=true, webStorageEnabled=true, browserName=chrome, takesScreenshot=true, javascriptEnabled=true, cssSelectorsEnabled=true, setWindowRect=true, unexpectedAlertBehaviour=}]
Session ID: 92a4ed6bdfadcba5d7e43436879b1f7c
	at sun.reflect.NativeConstructorAccessorImpl.newInstance0(Native Method)
	at sun.reflect.NativeConstructorAccessorImpl.newInstance(NativeConstructorAccessorImpl.java:62)
	at sun.reflect.DelegatingConstructorAccessorImpl.newInstance(DelegatingConstructorAccessorImpl.java:45)
	at java.lang.reflect.Constructor.newInstance(Constructor.java:423)
	at org.openqa.selenium.remote.ErrorHandler.createThrowable(ErrorHandler.java:204)
	at org.openqa.selenium.remote.ErrorHandler.throwIfResponseFailed(ErrorHandler.java:156)
	at org.openqa.selenium.remote.RemoteWebDriver.execute(RemoteWebDriver.java:605)
	at org.openqa.selenium.remote.RemoteWebDriver.get(RemoteWebDriver.java:306)
	at stepDefinition.BankStepDefinition.url_is_loaded(BankStepDefinition.java:47)
	at ✽.And url is loaded(Bank.feature:25)
</failure>
    <system-out><![CDATA[[Parser] [WARN] Unknown value of attribute 'parallel' at suite level: 'class'.
@bank
Feature: Feature to test Bank's functionality

  @smoke @customer
  Scenario Outline: To create customer <ID> &amp#27;[90m# Bank.feature:23&amp#27;[0m
    &amp#27;[36mGiven &amp#27;[0m&amp#27;[36mI read data from excel <ID>&amp#27;[0m
    &amp#27;[36mAnd &amp#27;[0m&amp#27;[36murl is loaded&amp#27;[0m
    &amp#27;[36mWhen &amp#27;[0m&amp#27;[36mI login&amp#27;[0m
    &amp#27;[36mThen &amp#27;[0m&amp#27;[36mI should see on home page&amp#27;[0m
    &amp#27;[36mWhen &amp#27;[0m&amp#27;[36mI create new customer&amp#27;[0m
    &amp#27;[36mThen &amp#27;[0m&amp#27;[36mI should get customerId&amp#27;[0m
    &amp#27;[36mAnd &amp#27;[0m&amp#27;[36mI logout&amp#27;[0m

    Examples: 

  @smoke @customer @bank
  Scenario Outline: To create customer 1 &amp#27;[90m# Bank.feature:34&amp#27;[0m
    &amp#27;[32mGiven &amp#27;[0m&amp#27;[32mI read data from excel &amp#27;[0m&amp#27;[32m&amp#27;[1m1&amp#27;[0m       &amp#27;[90m# BankStepDefinition.read_data_from_excel(String)&amp#27;[0m
    &amp#27;[31mAnd &amp#27;[0m&amp#27;[31murl is loaded&amp#27;[0m                    &amp#27;[90m# BankStepDefinition.url_is_loaded()&amp#27;[0m
      &amp#27;[31morg.openqa.selenium.WebDriverException: unknown error: cannot determine loading status
      from unknown error: cannot determine loading status
      from disconnected: unable to send message to renderer
        (Session info: chrome=71.0.3578.98)
        (Driver info: chromedriver=2.38.552522 (437e6fbedfa8762dec75e2c5b3ddb86763dc9dcb),platform=Windows NT 6.1.7601 SP1 x86_64) (WARNING: The server did not provide any stacktrace information)
      Command duration or timeout: 3.09 seconds
      Build info: version: '2.46.0', revision: '61506a4624b13675f24581e453592342b7485d71', time: '2015-06-04 10:22:50'
      System info: host: 'IN-MU-LT-J27150', ip: '10.236.21.21', os.name: 'Windows 7', os.arch: 'amd64', os.version: '6.1', java.version: '1.8.0_181'
      Driver info: org.openqa.selenium.chrome.ChromeDriver
      Capabilities [{applicationCacheEnabled=false, rotatable=false, mobileEmulationEnabled=false, networkConnectionEnabled=false, chrome={chromedriverVersion=2.38.552522 (437e6fbedfa8762dec75e2c5b3ddb86763dc9dcb), userDataDir=C:\Users\survep\AppData\Local\Temp\scoped_dir5552_28764}, takesHeapSnapshot=true, pageLoadStrategy=normal, databaseEnabled=false, handlesAlerts=true, hasTouchScreen=false, version=71.0.3578.98, platform=XP, browserConnectionEnabled=false, nativeEvents=true, acceptSslCerts=false, acceptInsecureCerts=false, locationContextEnabled=true, webStorageEnabled=true, browserName=chrome, takesScreenshot=true, javascriptEnabled=true, cssSelectorsEnabled=true, setWindowRect=true, unexpectedAlertBehaviour=}]
      Session ID: 92a4ed6bdfadcba5d7e43436879b1f7c
      	at sun.reflect.NativeConstructorAccessorImpl.newInstance0(Native Method)
      	at sun.reflect.NativeConstructorAccessorImpl.newInstance(NativeConstructorAccessorImpl.java:62)
      	at sun.reflect.DelegatingConstructorAccessorImpl.newInstance(DelegatingConstructorAccessorImpl.java:45)
      	at java.lang.reflect.Constructor.newInstance(Constructor.java:423)
      	at org.openqa.selenium.remote.ErrorHandler.createThrowable(ErrorHandler.java:204)
      	at org.openqa.selenium.remote.ErrorHandler.throwIfResponseFailed(ErrorHandler.java:156)
      	at org.openqa.selenium.remote.RemoteWebDriver.execute(RemoteWebDriver.java:605)
      	at org.openqa.selenium.remote.RemoteWebDriver.get(RemoteWebDriver.java:306)
      	at stepDefinition.BankStepDefinition.url_is_loaded(BankStepDefinition.java:47)
      	at ?.And url is loaded(Bank.feature:25)
      &amp#27;[0m
    &amp#27;[36mWhen &amp#27;[0m&amp#27;[36mI login&amp#27;[0m                         &amp#27;[90m# BankStepDefinition.i_login()&amp#27;[0m
    &amp#27;[36mThen &amp#27;[0m&amp#27;[36mI should see on home page&amp#27;[0m       &amp#27;[90m# BankStepDefinition.i_should_see_on_home_page()&amp#27;[0m
    &amp#27;[36mWhen &amp#27;[0m&amp#27;[36mI create new customer&amp#27;[0m           &amp#27;[90m# BankStepDefinition.i_create_new_customer()&amp#27;[0m
    &amp#27;[36mThen &amp#27;[0m&amp#27;[36mI should get customerId&amp#27;[0m         &amp#27;[90m# BankStepDefinition.i_should_get_customerID()&amp#27;[0m
    &amp#27;[36mAnd &amp#27;[0m&amp#27;[36mI logout&amp#27;[0m                         &amp#27;[90m# BankStepDefinition.i_logout()&amp#27;[0m

  @smoke @customer @bank
  Scenario Outline: To create customer 2 &amp#27;[90m# Bank.feature:35&amp#27;[0m
    &amp#27;[32mGiven &amp#27;[0m&amp#27;[32mI read data from excel &amp#27;[0m&amp#27;[32m&amp#27;[1m2&amp#27;[0m       &amp#27;[90m# BankStepDefinition.read_data_from_excel(String)&amp#27;[0m
    &amp#27;[32mAnd &amp#27;[0m&amp#27;[32murl is loaded&amp#27;[0m                    &amp#27;[90m# BankStepDefinition.url_is_loaded()&amp#27;[0m
    &amp#27;[31mWhen &amp#27;[0m&amp#27;[31mI login&amp#27;[0m                         &amp#27;[90m# BankStepDefinition.i_login()&amp#27;[0m
      &amp#27;[31morg.openqa.selenium.NoSuchWindowException: no such window: target window already closed
      from unknown error: web view not found
        (Session info: chrome=71.0.3578.98)
        (Driver info: chromedriver=2.38.552522 (437e6fbedfa8762dec75e2c5b3ddb86763dc9dcb),platform=Windows NT 6.1.7601 SP1 x86_64) (WARNING: The server did not provide any stacktrace information)
      Command duration or timeout: 7 milliseconds
      Build info: version: '2.46.0', revision: '61506a4624b13675f24581e453592342b7485d71', time: '2015-06-04 10:22:50'
      System info: host: 'IN-MU-LT-J27150', ip: '10.236.21.21', os.name: 'Windows 7', os.arch: 'amd64', os.version: '6.1', java.version: '1.8.0_181'
      Driver info: org.openqa.selenium.chrome.ChromeDriver
      Capabilities [{applicationCacheEnabled=false, rotatable=false, mobileEmulationEnabled=false, networkConnectionEnabled=false, chrome={chromedriverVersion=2.38.552522 (437e6fbedfa8762dec75e2c5b3ddb86763dc9dcb), userDataDir=C:\Users\survep\AppData\Local\Temp\scoped_dir13096_1698}, takesHeapSnapshot=true, pageLoadStrategy=normal, databaseEnabled=false, handlesAlerts=true, hasTouchScreen=false, version=71.0.3578.98, platform=XP, browserConnectionEnabled=false, nativeEvents=true, acceptSslCerts=false, acceptInsecureCerts=false, locationContextEnabled=true, webStorageEnabled=true, browserName=chrome, takesScreenshot=true, javascriptEnabled=true, cssSelectorsEnabled=true, setWindowRect=true, unexpectedAlertBehaviour=}]
      Session ID: f5afad76acd8bba18ee46938b0efbe75
      *** Element info: {Using=xpath, value=//input[@name='uid']}
      	at sun.reflect.NativeConstructorAccessorImpl.newInstance0(Native Method)
      	at sun.reflect.NativeConstructorAccessorImpl.newInstance(NativeConstructorAccessorImpl.java:62)
      	at sun.reflect.DelegatingConstructorAccessorImpl.newInstance(DelegatingConstructorAccessorImpl.java:45)
      	at java.lang.reflect.Constructor.newInstance(Constructor.java:423)
      	at org.openqa.selenium.remote.ErrorHandler.createThrowable(ErrorHandler.java:204)
      	at org.openqa.selenium.remote.ErrorHandler.throwIfResponseFailed(ErrorHandler.java:156)
      	at org.openqa.selenium.remote.RemoteWebDriver.execute(RemoteWebDriver.java:605)
      	at org.openqa.selenium.remote.RemoteWebDriver.findElement(RemoteWebDriver.java:358)
      	at org.openqa.selenium.remote.RemoteWebDriver.findElementByXPath(RemoteWebDriver.java:455)
      	at org.openqa.selenium.By$ByXPath.findElement(By.java:358)
      	at org.openqa.selenium.remote.RemoteWebDriver.findElement(RemoteWebDriver.java:350)
      	at org.openqa.selenium.support.pagefactory.DefaultElementLocator.findElement(DefaultElementLocator.java:69)
      	at org.openqa.selenium.support.pagefactory.internal.LocatingElementHandler.invoke(LocatingElementHandler.java:38)
      	at com.sun.proxy.$Proxy20.toString(Unknown Source)
      	at java.lang.String.valueOf(String.java:2994)
      	at java.lang.StringBuilder.append(StringBuilder.java:131)
      	at org.openqa.selenium.support.ui.ExpectedConditions$10.toString(ExpectedConditions.java:293)
      	at org.openqa.selenium.support.ui.FluentWait.until(FluentWait.java:224)
      	at utils.WebDriverWrapper.waitForElementToVisible(WebDriverWrapper.java:20)
      	at pages.LoginPage.login(LoginPage.java:48)
      	at stepDefinition.BankStepDefinition.i_login(BankStepDefinition.java:60)
      	at ?.When I login(Bank.feature:26)
      &amp#27;[0m
    &amp#27;[36mThen &amp#27;[0m&amp#27;[36mI should see on home page&amp#27;[0m       &amp#27;[90m# BankStepDefinition.i_should_see_on_home_page()&amp#27;[0m
    &amp#27;[36mWhen &amp#27;[0m&amp#27;[36mI create new customer&amp#27;[0m           &amp#27;[90m# BankStepDefinition.i_create_new_customer()&amp#27;[0m
    &amp#27;[36mThen &amp#27;[0m&amp#27;[36mI should get customerId&amp#27;[0m         &amp#27;[90m# BankStepDefinition.i_should_get_customerID()&amp#27;[0m
    &amp#27;[36mAnd &amp#27;[0m&amp#27;[36mI logout&amp#27;[0m                         &amp#27;[90m# BankStepDefinition.i_logout()&amp#27;[0m
]]></system-out>
    <system-err><![CDATA[Starting ChromeDriver 2.38.552522 (437e6fbedfa8762dec75e2c5b3ddb86763dc9dcb) on port 17676
Only local connections are allowed.
Jan 24, 2019 6:28:12 PM org.openqa.selenium.os.UnixProcess$SeleniumWatchDog destroyHarder
INFO: Command failed to close cleanly. Destroying forcefully (v2). org.openqa.selenium.os.UnixProcess$SeleniumWatchDog@7004e3d
Starting ChromeDriver 2.38.552522 (437e6fbedfa8762dec75e2c5b3ddb86763dc9dcb) on port 1469
Only local connections are allowed.
[1548334700.941][SEVERE]: Unable to receive message from renderer
Jan 24, 2019 6:28:27 PM org.openqa.selenium.os.UnixProcess$SeleniumWatchDog destroyHarder
INFO: Command failed to close cleanly. Destroying forcefully (v2). org.openqa.selenium.os.UnixProcess$SeleniumWatchDog@25d3cfc8
]]></system-err>
  </testcase>
</testsuite>